3/22/2017 12:25:30 PM	frmmain.init::App Path: \\Mac\Home\Documents\Source_Code\Visual Studio 2015\Projects\GitHub\BSApplicationProfiler\BSApplicationProfiler\bin\Debug
3/22/2017 12:25:30 PM	frmmain.init::DEBUG_LOGFILE: \\Mac\Home\Documents\Source_Code\Visual Studio 2015\Projects\GitHub\BSApplicationProfiler\BSApplicationProfiler\bin\Debug\logs\bsap.debug.log
3/22/2017 12:25:30 PM	frmmain.init::MyLogFile: \\Mac\Home\Documents\Source_Code\Visual Studio 2015\Projects\GitHub\BSApplicationProfiler\BSApplicationProfiler\bin\Debug\logs\bsap.err.log
3/22/2017 12:25:30 PM	frmmain.init::Initializing AppSettings to Global Vars Completed
3/22/2017 12:25:32 PM	frmmain.Form1_Load::Using Local Database
3/22/2017 12:26:22 PM	frmmain.init::App Path: \\Mac\Home\Documents\Source_Code\Visual Studio 2015\Projects\GitHub\BSApplicationProfiler\BSApplicationProfiler\bin\Debug
3/22/2017 12:26:22 PM	frmmain.init::DEBUG_LOGFILE: \\Mac\Home\Documents\Source_Code\Visual Studio 2015\Projects\GitHub\BSApplicationProfiler\BSApplicationProfiler\bin\Debug\logs\bsap.debug.log
3/22/2017 12:26:22 PM	frmmain.init::MyLogFile: \\Mac\Home\Documents\Source_Code\Visual Studio 2015\Projects\GitHub\BSApplicationProfiler\BSApplicationProfiler\bin\Debug\logs\bsap.err.log
3/22/2017 12:26:22 PM	frmmain.init::Initializing AppSettings to Global Vars Completed
3/22/2017 12:26:32 PM	frmmain.ChangeAppSettings::Updated App.Config key:AGENT_ID with value=8
3/22/2017 12:26:32 PM	frmmain.Form1_Load::Using remote Database:192.168.1.5
3/22/2017 12:32:32 PM	GetLocalApps::Looking for Process:BSFRUv4.exe
3/22/2017 12:32:38 PM	GetLocalApps::Looking for Process:BSMyGunCollection.exe
3/22/2017 12:32:42 PM	GetLocalApps::Looking for Process:BSMyLoadersLog.exe
3/22/2017 12:32:43 PM	GetLocalApps::Looking for Process:w3wp.exe
3/22/2017 12:32:46 PM	GetLocalApps::Looking for Process:w3wp.exe
3/24/2017 8:03:54 AM	frmmain.init::App Path: \\Mac\Home\Documents\Source_Code\Visual Studio 2015\Projects\GitHub\BSApplicationProfiler\BSApplicationProfiler\bin\Debug
3/24/2017 8:03:54 AM	frmmain.init::DEBUG_LOGFILE: \\Mac\Home\Documents\Source_Code\Visual Studio 2015\Projects\GitHub\BSApplicationProfiler\BSApplicationProfiler\bin\Debug\logs\bsap.debug.log
3/24/2017 8:03:54 AM	frmmain.init::MyLogFile: \\Mac\Home\Documents\Source_Code\Visual Studio 2015\Projects\GitHub\BSApplicationProfiler\BSApplicationProfiler\bin\Debug\logs\bsap.err.log
3/24/2017 8:03:54 AM	frmmain.init::Initializing AppSettings to Global Vars Completed
3/24/2017 8:05:05 AM	frmmain.init::App Path: \\Mac\Home\Documents\Source_Code\Visual Studio 2015\Projects\GitHub\BSApplicationProfiler\BSApplicationProfiler\bin\Debug
3/24/2017 8:05:05 AM	frmmain.init::DEBUG_LOGFILE: \\Mac\Home\Documents\Source_Code\Visual Studio 2015\Projects\GitHub\BSApplicationProfiler\BSApplicationProfiler\bin\Debug\logs\bsap.debug.log
3/24/2017 8:05:05 AM	frmmain.init::MyLogFile: \\Mac\Home\Documents\Source_Code\Visual Studio 2015\Projects\GitHub\BSApplicationProfiler\BSApplicationProfiler\bin\Debug\logs\bsap.err.log
3/24/2017 8:05:05 AM	frmmain.init::Initializing AppSettings to Global Vars Completed
3/24/2017 8:05:36 AM	frmmain.Form1_Load::Using Local Database
